<?xml version="1.0" encoding="UTF-8"?>
<!-- Generated by org.testng.reporters.JUnitReportReporter -->
<testsuite skipped="0" hostname="SAMRPATIL" name="SELENIUM.SELENIUM_PROJECT.BaseClass" tests="1" failures="0" timestamp="02 Jun 2024 18:57:38 GMT" time="37.190" errors="0">
  <testcase name="BaseClass1" time="37.190" classname="SELENIUM.SELENIUM_PROJECT.BaseClass"/>
</testsuite> <!-- SELENIUM.SELENIUM_PROJECT.BaseClass -->
