<?xml version="1.0" encoding="UTF-8"?>
<!-- Generated by org.testng.reporters.JUnitReportReporter -->
<testsuite skipped="0" hostname="SAMRPATIL" name="SELENIUM.SELENIUM_PROJECT.Demo" tests="2" failures="0" timestamp="21 Jul 2024 07:05:16 GMT" time="0.009" errors="0">
  <testcase name="Receiver" time="0.003" classname="SELENIUM.SELENIUM_PROJECT.Demo"/>
  <testcase name="Receiver" time="0.006" classname="SELENIUM.SELENIUM_PROJECT.Demo"/>
</testsuite> <!-- SELENIUM.SELENIUM_PROJECT.Demo -->
